[ 2026-04-09 15:35:29,130 ] 1025 httpx - INFO - HTTP Request: GET https://dagshub.com/api/v1/user "HTTP/1.1 200 OK"
[ 2026-04-09 15:35:29,135 ] 107 dagshub - INFO - Accessing as theshivammishra10
[ 2026-04-09 15:35:30,420 ] 1025 httpx - INFO - HTTP Request: GET https://dagshub.com/api/v1/repos/theshivammishra10/Network-Security-System "HTTP/1.1 200 OK"
[ 2026-04-09 15:35:31,383 ] 1025 httpx - INFO - HTTP Request: GET https://dagshub.com/api/v1/user "HTTP/1.1 200 OK"
[ 2026-04-09 15:35:31,385 ] 107 dagshub - INFO - Initialized MLflow to track repo "theshivammishra10/Network-Security-System"
[ 2026-04-09 15:35:31,386 ] 107 dagshub - INFO - Repository theshivammishra10/Network-Security-System initialized!
[ 2026-04-09 15:35:31,386 ] 19 root - INFO - Initiate the data ingestion
[ 2026-04-09 15:35:37,588 ] 73 root - INFO - Performed train test split on the dataframe
[ 2026-04-09 15:35:37,588 ] 75 root - INFO - Exited split_data_as_train_test method of Data_Ingestion class
[ 2026-04-09 15:35:37,589 ] 83 root - INFO - Exporting train and test file path.
[ 2026-04-09 15:35:37,623 ] 92 root - INFO - Exported train and test file path.
[ 2026-04-09 15:35:37,624 ] 21 root - INFO - Data Initiation Completed
[ 2026-04-09 15:35:37,628 ] 25 root - INFO - Initiate the data Validation
[ 2026-04-09 15:35:37,679 ] 32 root - INFO - Required number of columns:2
[ 2026-04-09 15:35:37,679 ] 33 root - INFO - Data frame has columns:31
[ 2026-04-09 15:35:37,679 ] 32 root - INFO - Required number of columns:2
[ 2026-04-09 15:35:37,679 ] 33 root - INFO - Data frame has columns:31
[ 2026-04-09 15:35:37,778 ] 27 root - INFO - data Validation Completed
[ 2026-04-09 15:35:37,778 ] 30 root - INFO - data Transformation started
[ 2026-04-09 15:35:37,778 ] 63 root - INFO - Entered initiate_data_transformation method of DataTransformation class
[ 2026-04-09 15:35:37,778 ] 65 root - INFO - Starting data transformation
[ 2026-04-09 15:35:37,794 ] 48 root - INFO - Entered get_data_trnasformer_object method of Trnasformation class
[ 2026-04-09 15:35:37,795 ] 53 root - INFO - Initialise KNNImputer with {'missing_values': nan, 'n_neighbors': 3, 'weights': 'uniform'}
[ 2026-04-09 15:35:37,807 ] 46 root - INFO - Entered the save_object method of MainUtils class
[ 2026-04-09 15:35:37,810 ] 50 root - INFO - Exited the save_object method of MainUtils class
[ 2026-04-09 15:35:37,810 ] 46 root - INFO - Entered the save_object method of MainUtils class
[ 2026-04-09 15:35:37,812 ] 50 root - INFO - Exited the save_object method of MainUtils class
[ 2026-04-09 15:35:37,813 ] 34 root - INFO - data Transformation completed
[ 2026-04-09 15:35:37,813 ] 36 root - INFO - Model Training sstared
[ 2026-04-09 15:36:26,470 ] 46 root - INFO - Entered the save_object method of MainUtils class
[ 2026-04-09 15:36:26,477 ] 50 root - INFO - Exited the save_object method of MainUtils class
[ 2026-04-09 15:36:26,478 ] 46 root - INFO - Entered the save_object method of MainUtils class
[ 2026-04-09 15:36:26,487 ] 50 root - INFO - Exited the save_object method of MainUtils class
[ 2026-04-09 15:36:26,487 ] 156 root - INFO - Model trainer artifact: ModelTrainerArtifact(trained_model_file_path='Artifacts\\04_09_2026_15_35_18\\model_trainer\\trained_model\\model.pkl', train_metric_artifact=ClassificationMetricArtifact(f1_score=0.9915932340727236, precision_score=0.9894885789367294, recall_score=0.9937068615509541), test_metric_artifact=ClassificationMetricArtifact(f1_score=0.9708973322554567, precision_score=0.9662107803700724, recall_score=0.9756295694557271))
[ 2026-04-09 15:36:26,488 ] 41 root - INFO - Model Training artifact created
